{"level":"info","message":"Received a GET request for /movies/6488ac4810f69ab0c0974c27","service":"Streaming Server "}
{"level":"info","message":"Received a GET request for /upload/6488ac4810f69ab0c0974c25","service":"Streaming Server "}
{"level":"info","message":"Received a GET request for /upload/6488ac4810f69ab0c0974c25","service":"Streaming Server "}
{"level":"info","message":"Received a POST request for /health_check/db","service":"Streaming Server "}
{"level":"info","message":"Received a GET request for /health_check/db","service":"Streaming Server "}
{"level":"info","message":"Received a POST request for /movies","service":"Streaming Server "}
{"level":"info","message":"Received a POST request for /movies","service":"Streaming Server "}
{"level":"info","message":"Received a GET request for /movies","service":"Streaming Server "}
{"level":"info","message":"Received a GET request for /movies","service":"Streaming Server "}
{"level":"info","message":"Received a GET request for /movies","service":"Streaming Server "}
{"level":"info","message":"Received a GET request for /movies","service":"Streaming Server "}
{"level":"info","message":"Received a GET request for /movies/648b27b245ff521ad676f953","service":"Streaming Server "}
{"level":"info","message":"Received a GET request for /upload/648b27b245ff521ad676f951","service":"Streaming Server "}
{"level":"info","message":"Received a GET request for /movies/648b27b245ff521ad676f953","service":"Streaming Server "}
{"level":"info","message":"Received a GET request for /upload/648b27b245ff521ad676f951","service":"Streaming Server "}
{"level":"info","message":"Received a GET request for /upload/648b27b245ff521ad676f951","service":"Streaming Server "}
{"level":"info","message":"Received a GET request for /movies/648b27b245ff521ad676f953","service":"Streaming Server "}
{"level":"info","message":"Received a GET request for /movies/648b27b245ff521ad676f953","service":"Streaming Server "}
{"level":"info","message":"Received a GET request for /movies/648b27b245ff521ad676f953","service":"Streaming Server "}
{"level":"info","message":"Received a GET request for /movies/648b27b245ff521ad676f953","service":"Streaming Server "}
{"level":"info","message":"Received a GET request for /movies/648b27b245ff521ad676f953","service":"Streaming Server "}
{"level":"info","message":"Received a GET request for /movies/648b27b245ff521ad676f953","service":"Streaming Server "}
{"level":"info","message":"Received a GET request for /movies/648b27b245ff521ad676f953","service":"Streaming Server "}
{"level":"info","message":"Received a GET request for /movies/648b27b245ff521ad676f953","service":"Streaming Server "}
{"level":"info","message":"Received a GET request for /movies/648b27b245ff521ad676f953","service":"Streaming Server "}
{"level":"info","message":"Received a GET request for /movies/648b27b245ff521ad676f953","service":"Streaming Server "}
{"level":"info","message":"Received a GET request for /upload/648b27b245ff521ad676f951","service":"Streaming Server "}
{"level":"info","message":"Received a GET request for /movies/648b27b245ff521ad676f953","service":"Streaming Server "}
{"level":"info","message":"Received a GET request for /upload/648b27b245ff521ad676f951","service":"Streaming Server "}
{"level":"info","message":"Received a GET request for /movies/648b27b245ff521ad676f953","service":"Streaming Server "}
{"level":"info","message":"Received a GET request for /upload/648b27b245ff521ad676f951","service":"Streaming Server "}
{"level":"info","message":"Received a GET request for /movies/648b27b245ff521ad676f953","service":"Streaming Server "}
{"level":"info","message":"Received a GET request for /upload/648b27b245ff521ad676f951","service":"Streaming Server "}
{"level":"info","message":"Received a GET request for /movies/648b27b245ff521ad676f953","service":"Streaming Server "}
{"level":"info","message":"Received a GET request for /upload/648b27b245ff521ad676f951","service":"Streaming Server "}
{"level":"info","message":"Received a GET request for /movies/648b27b245ff521ad676f953","service":"Streaming Server "}
{"level":"info","message":"Received a GET request for /upload/648b27b245ff521ad676f951","service":"Streaming Server "}
{"level":"info","message":"Received a GET request for /movies/648b27b245ff521ad676f953","service":"Streaming Server "}
{"level":"info","message":"Received a GET request for /movies/648b27b245ff521ad676f953","service":"Streaming Server "}
